<?xml version="1.0" encoding="UTF-8"?>
<testsuite name="agh.ics.oop.GrassFieldTest" tests="1" skipped="0" failures="0" errors="0" timestamp="2022-11-08T11:09:19" hostname="DESKTOP-RJGCPPC" time="0.011">
  <properties/>
  <testcase name="mapTest()" classname="agh.ics.oop.GrassFieldTest" time="0.011"/>
  <system-out><![CDATA[]]></system-out>
  <system-err><![CDATA[]]></system-err>
</testsuite>
