<?xml version="1.0" encoding="UTF-8"?>
<testsuite name="agh.ics.oop.AnimalTest" tests="1" skipped="0" failures="0" errors="0" timestamp="2022-10-22T13:30:00" hostname="DESKTOP-RJGCPPC" time="0.008">
  <properties/>
  <testcase name="animalTest()" classname="agh.ics.oop.AnimalTest" time="0.008"/>
  <system-out><![CDATA[]]></system-out>
  <system-err><![CDATA[]]></system-err>
</testsuite>
