<?xml version="1.0" encoding="UTF-8"?>
<testsuite name="agh.ics.oop.MapDirectionTest" tests="2" skipped="0" failures="0" errors="0" timestamp="2022-10-17T11:51:26" hostname="DESKTOP-RLR2KGO" time="0.015">
  <properties/>
  <testcase name="prevTest()" classname="agh.ics.oop.MapDirectionTest" time="0.014"/>
  <testcase name="nextTest()" classname="agh.ics.oop.MapDirectionTest" time="0.001"/>
  <system-out><![CDATA[]]></system-out>
  <system-err><![CDATA[]]></system-err>
</testsuite>
