<?xml version="1.0" encoding="UTF-8"?>
<testsuite name="agh.ics.oop.MapTest" tests="1" skipped="0" failures="0" errors="0" timestamp="2022-10-30T13:34:59" hostname="DESKTOP-RJGCPPC" time="0.011">
  <properties/>
  <testcase name="mapTest()" classname="agh.ics.oop.MapTest" time="0.011"/>
  <system-out><![CDATA[]]></system-out>
  <system-err><![CDATA[]]></system-err>
</testsuite>
