<?xml version="1.0" encoding="UTF-8"?>
<testsuite name="agh.ics.oop.GrassFieldTest" tests="2" skipped="0" failures="0" errors="0" timestamp="2022-11-19T14:24:04" hostname="DESKTOP-RJGCPPC" time="0.014">
  <properties/>
  <testcase name="mapTest()" classname="agh.ics.oop.GrassFieldTest" time="0.01"/>
  <testcase name="placeTest()" classname="agh.ics.oop.GrassFieldTest" time="0.004"/>
  <system-out><![CDATA[]]></system-out>
  <system-err><![CDATA[]]></system-err>
</testsuite>
