<?xml version="1.0" encoding="UTF-8"?>
<testsuite name="agh.ics.oop.GrassFieldTest" tests="2" skipped="0" failures="0" errors="0" timestamp="2022-11-14T12:38:46" hostname="DESKTOP-RLR2KGO" time="0.021">
  <properties/>
  <testcase name="mapTest()" classname="agh.ics.oop.GrassFieldTest" time="0.015"/>
  <testcase name="placeTest()" classname="agh.ics.oop.GrassFieldTest" time="0.005"/>
  <system-out><![CDATA[]]></system-out>
  <system-err><![CDATA[]]></system-err>
</testsuite>
