<?xml version="1.0" encoding="UTF-8"?>
<testsuite name="agh.ics.oop.RectangularMapTest" tests="1" skipped="0" failures="0" errors="0" timestamp="2022-11-07T13:04:16" hostname="DESKTOP-RLR2KGO" time="0.014">
  <properties/>
  <testcase name="mapTest()" classname="agh.ics.oop.RectangularMapTest" time="0.014"/>
  <system-out><![CDATA[]]></system-out>
  <system-err><![CDATA[]]></system-err>
</testsuite>
